# JRE version: Java(TM) SE Runtime Environment (8.0_51-b16) (build 1.8.0_51-b16)
# Java VM: Java HotSpot(TM) 64-Bit Server VM (25.51-b03 mixed mode bsd-amd64 compressed oops)
Heap:
 PSYoungGen      total 32256K, used 9603K [0x0000000795580000, 0x0000000797f80000, 0x00000007c0000000)
  eden space 31744K, 29% used [0x0000000795580000,0x0000000795eb8cc8,0x0000000797480000)
  from space 512K, 31% used [0x0000000797500000,0x0000000797528000,0x0000000797580000)
  to   space 5632K, 0% used [0x0000000797a00000,0x0000000797a00000,0x0000000797f80000)
 ParOldGen       total 87552K, used 2657K [0x0000000740000000, 0x0000000745580000, 0x0000000795580000)
  object space 87552K, 3% used [0x0000000740000000,0x00000007402987d8,0x0000000745580000)
 Metaspace       used 11376K, capacity 11569K, committed 11648K, reserved 1060864K
  class space    used 1038K, capacity 1116K, committed 1152K, reserved 1048576K
GC Heap History (10 events):
Event: 10.408 GC heap before
{Heap before GC invocations=3 (full 0):
 PSYoungGen      total 38400K, used 35661K [0x0000000795580000, 0x0000000798000000, 0x00000007c0000000)
  eden space 33280K, 100% used [0x0000000795580000,0x0000000797600000,0x0000000797600000)
  from space 5120K, 46% used [0x0000000797b00000,0x0000000797d536b8,0x0000000798000000)
  to   space 5120K, 0% used [0x0000000797600000,0x0000000797600000,0x0000000797b00000)
 ParOldGen       total 87552K, used 387K [0x0000000740000000, 0x0000000745580000, 0x0000000795580000)
  object space 87552K, 0% used [0x0000000740000000,0x0000000740060ea0,0x0000000745580000)
 Metaspace       used 11260K, capacity 11409K, committed 11648K, reserved 1060864K
  class space    used 1034K, capacity 1084K, committed 1152K, reserved 1048576K
Event: 10.413 GC heap after
Heap after GC invocations=3 (full 0):
 PSYoungGen      total 38400K, used 2331K [0x0000000795580000, 0x0000000798000000, 0x00000007c0000000)
  eden space 33280K, 0% used [0x0000000795580000,0x0000000795580000,0x0000000797600000)
  from space 5120K, 45% used [0x0000000797600000,0x0000000797846f10,0x0000000797b00000)
  to   space 5120K, 0% used [0x0000000797b00000,0x0000000797b00000,0x0000000798000000)
 ParOldGen       total 87552K, used 395K [0x0000000740000000, 0x0000000745580000, 0x0000000795580000)
  object space 87552K, 0% used [0x0000000740000000,0x0000000740062ea0,0x0000000745580000)
 Metaspace       used 11260K, capacity 11409K, committed 11648K, reserved 1060864K
  class space    used 1034K, capacity 1084K, committed 1152K, reserved 1048576K
}
Event: 14.332 GC heap before
{Heap before GC invocations=4 (full 0):
 PSYoungGen      total 38400K, used 35611K [0x0000000795580000, 0x0000000798000000, 0x00000007c0000000)
  eden space 33280K, 100% used [0x0000000795580000,0x0000000797600000,0x0000000797600000)
  from space 5120K, 45% used [0x0000000797600000,0x0000000797846f10,0x0000000797b00000)
  to   space 5120K, 0% used [0x0000000797b00000,0x0000000797b00000,0x0000000798000000)
 ParOldGen       total 87552K, used 395K [0x0000000740000000, 0x0000000745580000, 0x0000000795580000)
  object space 87552K, 0% used [0x0000000740000000,0x0000000740062ea0,0x0000000745580000)
 Metaspace       used 11322K, capacity 11473K, committed 11648K, reserved 1060864K
  class space    used 1034K, capacity 1084K, committed 1152K, reserved 1048576K
Event: 14.336 GC heap after
Heap after GC invocations=4 (full 0):
 PSYoungGen      total 38400K, used 2333K [0x0000000795580000, 0x0000000798000000, 0x00000007c0000000)
  eden space 33280K, 0% used [0x0000000795580000,0x0000000795580000,0x0000000797600000)
  from space 5120K, 45% used [0x0000000797b00000,0x0000000797d476c8,0x0000000798000000)
  to   space 5120K, 0% used [0x0000000797600000,0x0000000797600000,0x0000000797b00000)
 ParOldGen       total 87552K, used 403K [0x0000000740000000, 0x0000000745580000, 0x0000000795580000)
  object space 87552K, 0% used [0x0000000740000000,0x0000000740064ea0,0x0000000745580000)
 Metaspace       used 11322K, capacity 11473K, committed 11648K, reserved 1060864K
  class space    used 1034K, capacity 1084K, committed 1152K, reserved 1048576K
}
Event: 18.256 GC heap before
{Heap before GC invocations=5 (full 0):
 PSYoungGen      total 38400K, used 35613K [0x0000000795580000, 0x0000000798000000, 0x00000007c0000000)
  eden space 33280K, 100% used [0x0000000795580000,0x0000000797600000,0x0000000797600000)
  from space 5120K, 45% used [0x0000000797b00000,0x0000000797d476c8,0x0000000798000000)
  to   space 5120K, 0% used [0x0000000797600000,0x0000000797600000,0x0000000797b00000)
 ParOldGen       total 87552K, used 403K [0x0000000740000000, 0x0000000745580000, 0x0000000795580000)
  object space 87552K, 0% used [0x0000000740000000,0x0000000740064ea0,0x0000000745580000)
 Metaspace       used 11327K, capacity 11473K, committed 11648K, reserved 1060864K
  class space    used 1034K, capacity 1084K, committed 1152K, reserved 1048576K
Event: 18.260 GC heap after
Heap after GC invocations=5 (full 0):
 PSYoungGen      total 37888K, used 2367K [0x0000000795580000, 0x0000000798080000, 0x00000007c0000000)
  eden space 32768K, 0% used [0x0000000795580000,0x0000000795580000,0x0000000797580000)
  from space 5120K, 46% used [0x0000000797600000,0x000000079784fca0,0x0000000797b00000)
  to   space 5632K, 0% used [0x0000000797b00000,0x0000000797b00000,0x0000000798080000)
 ParOldGen       total 87552K, used 411K [0x0000000740000000, 0x0000000745580000, 0x0000000795580000)
  object space 87552K, 0% used [0x0000000740000000,0x0000000740066ea0,0x0000000745580000)
 Metaspace       used 11327K, capacity 11473K, committed 11648K, reserved 1060864K
  class space    used 1034K, capacity 1084K, committed 1152K, reserved 1048576K
}
Event: 22.114 GC heap before
{Heap before GC invocations=6 (full 0):
 PSYoungGen      total 37888K, used 35135K [0x0000000795580000, 0x0000000798080000, 0x00000007c0000000)
  eden space 32768K, 100% used [0x0000000795580000,0x0000000797580000,0x0000000797580000)
  from space 5120K, 46% used [0x0000000797600000,0x000000079784fca0,0x0000000797b00000)
  to   space 5632K, 0% used [0x0000000797b00000,0x0000000797b00000,0x0000000798080000)
 ParOldGen       total 87552K, used 411K [0x0000000740000000, 0x0000000745580000, 0x0000000795580000)
  object space 87552K, 0% used [0x0000000740000000,0x0000000740066ea0,0x0000000745580000)
 Metaspace       used 11327K, capacity 11473K, committed 11648K, reserved 1060864K
  class space    used 1034K, capacity 1084K, committed 1152K, reserved 1048576K
Event: 22.118 GC heap after
Heap after GC invocations=6 (full 0):
 PSYoungGen      total 37376K, used 2319K [0x0000000795580000, 0x0000000798000000, 0x00000007c0000000)
  eden space 32256K, 0% used [0x0000000795580000,0x0000000795580000,0x0000000797500000)
  from space 5120K, 45% used [0x0000000797b00000,0x0000000797d43cc0,0x0000000798000000)
  to   space 5632K, 0% used [0x0000000797500000,0x0000000797500000,0x0000000797a80000)
 ParOldGen       total 87552K, used 419K [0x0000000740000000, 0x0000000745580000, 0x0000000795580000)
  object space 87552K, 0% used [0x0000000740000000,0x0000000740068ea0,0x0000000745580000)
 Metaspace       used 11327K, capacity 11473K, committed 11648K, reserved 1060864K
  class space    used 1034K, capacity 1084K, committed 1152K, reserved 1048576K
}
Event: 25.906 GC heap before
{Heap before GC invocations=7 (full 0):
 PSYoungGen      total 37376K, used 34575K [0x0000000795580000, 0x0000000798000000, 0x00000007c0000000)
  eden space 32256K, 100% used [0x0000000795580000,0x0000000797500000,0x0000000797500000)
  from space 5120K, 45% used [0x0000000797b00000,0x0000000797d43cc0,0x0000000798000000)
  to   space 5632K, 0% used [0x0000000797500000,0x0000000797500000,0x0000000797a80000)
 ParOldGen       total 87552K, used 419K [0x0000000740000000, 0x0000000745580000, 0x0000000795580000)
  object space 87552K, 0% used [0x0000000740000000,0x0000000740068ea0,0x0000000745580000)
 Metaspace       used 11363K, capacity 11569K, committed 11648K, reserved 1060864K
  class space    used 1037K, capacity 1116K, committed 1152K, reserved 1048576K
Event: 25.911 GC heap after
Heap after GC invocations=7 (full 0):
 PSYoungGen      total 32256K, used 160K [0x0000000795580000, 0x0000000797f80000, 0x00000007c0000000)
  eden space 31744K, 0% used [0x0000000795580000,0x0000000795580000,0x0000000797480000)
  from space 512K, 31% used [0x0000000797500000,0x0000000797528000,0x0000000797580000)
  to   space 5632K, 0% used [0x0000000797a00000,0x0000000797a00000,0x0000000797f80000)
 ParOldGen       total 87552K, used 2657K [0x0000000740000000, 0x0000000745580000, 0x0000000795580000)
  object space 87552K, 3% used [0x0000000740000000,0x00000007402987d8,0x0000000745580000)
 Metaspace       used 11363K, capacity 11569K, committed 11648K, reserved 1060864K
  class space    used 1037K, capacity 1116K, committed 1152K, reserved 1048576K
}

